<?xml version="1.0" encoding="UTF-8"?>
<!-- Generated by org.testng.reporters.JUnitXMLReporter -->
<testsuite hostname="DESKTOP-SU3JC61" ignored="0" name="Default test" tests="3" failures="0" timestamp="2020-12-25T13:04:57 IST" time="13.954" errors="0">
  <testcase name="titletest" time="0.019" classname="com.testngpractice.Homepagetest"/>
  <testcase name="logotest" time="0.074" classname="com.testngpractice.Homepagetest"/>
  <testcase name="texttest" time="0.059" classname="com.testngpractice.Homepagetest"/>
</testsuite> <!-- Default test -->
