<?xml version="1.0" encoding="UTF-8"?>
<!-- Generated by org.testng.reporters.JUnitXMLReporter -->
<testsuite hostname="DESKTOP-SU3JC61" ignored="2" name="Test" tests="2" failures="0" timestamp="2020-04-07T20:14:31 IST" time="0.086" errors="0">
  <testcase name="testCreateCustomer" time="0.015" classname="MorningBatchTestNGAnnotations.CreateCustomer"/>
  <testcase name="testCreateProject" time="0.0" classname="MorningBatchTestNGAnnotations.CreateProject"/>
  <testcase name="@BeforeTest openBrowser" time="0.0" classname="MorningBatchTestNGAnnotations.A">
    <ignored/>
  </testcase> <!-- @BeforeTest openBrowser -->
  <testcase name="@AfterTest closeBrowser" time="0.0" classname="MorningBatchTestNGAnnotations.A">
    <ignored/>
  </testcase> <!-- @AfterTest closeBrowser -->
</testsuite> <!-- Test -->
