<?xml version="1.0" encoding="UTF-8"?>
<!-- Generated by org.testng.reporters.JUnitXMLReporter -->
<testsuite hostname="DESKTOP-SU3JC61" ignored="0" name="SampleTest" tests="6" failures="0" timestamp="2020-12-25T13:08:14 IST" time="15.989" errors="0">
  <testcase name="framework" time="0.004" classname="com.testngpractice.FirsttestNg"/>
  <testcase name="framework1" time="0.004" classname="com.testngpractice.FirsttestNg"/>
  <testcase name="sum" time="0.001" classname="com.testngpractice.SecondtestNG"/>
  <testcase name="titletest" time="0.011" classname="com.testngpractice.Homepagetest"/>
  <testcase name="logotest" time="0.05" classname="com.testngpractice.Homepagetest"/>
  <testcase name="texttest" time="0.047" classname="com.testngpractice.Homepagetest"/>
</testsuite> <!-- SampleTest -->
